<?xml version="1.0" encoding="UTF-8"?>
<!-- Generated by org.testng.reporters.JUnitReportReporter -->
<testsuite hostname="KLM1-MHORVAT" failures="0" tests="4" name="com.d2l.brightspace.pulse.carina.demo.APISampleTest" time="4.056" errors="0" timestamp="29 Jan. 2020 19:09:42 GMT" skipped="0">
  <testcase classname="com.d2l.brightspace.pulse.carina.demo.APISampleTest" name="testGetUsers" time="0.837"/>
  <testcase classname="com.d2l.brightspace.pulse.carina.demo.APISampleTest" name="testDeleteUsers" time="0.432"/>
  <testcase classname="com.d2l.brightspace.pulse.carina.demo.APISampleTest" name="testCreateUser" time="2.474"/>
  <testcase classname="com.d2l.brightspace.pulse.carina.demo.APISampleTest" name="testCreateUserMissingSomeFields" time="0.313"/>
</testsuite> <!-- com.d2l.brightspace.pulse.carina.demo.APISampleTest -->
